"Start of log file."
"D:/Unity/Github/Mabinogi/Mabinogi/Assets/Animation/naostanding.max"
"Starting max loading and fbx conversion"
window = undefined
"Settings units"
"Before fbx export"
"After fbx export"
"Finished max loading and fbx conversion"
"D:/Unity/Github/Mabinogi/Mabinogi/Assets/Animation/nao1.max"
"Starting max loading and fbx conversion"
window = undefined
"Settings units"
"Before fbx export"
"After fbx export"
"Finished max loading and fbx conversion"
"D:/Unity/Github/Mabinogi/Mabinogi/Assets/Animation/naostanding.max"
"Starting max loading and fbx conversion"
window = undefined
"Settings units"
"Before fbx export"
"After fbx export"
"Finished max loading and fbx conversion"
