Using pre-set license
Built from '2020.3/staging' branch; Version is '2020.3.24f1 (79c78de19888) revision 7980941'; Using compiler version '192528614'; Build Type 'Release'
OS: 'Windows 10  (10.0.19044) 64bit Professional' Language: 'ko' Physical Memory: 16266 MB
BatchMode: 1, IsHumanControllingUs: 0, StartBugReporterOnCrash: 0, Is64bit: 1, IsPro: 0

COMMAND LINE ARGUMENTS:
C:\Program Files\Unity\Hub\Editor\2020.3.24f1\Editor\Unity.exe
-adb2
-batchMode
-noUpm
-name
AssetImportWorker1
-projectPath
D:/Unity/Github/Mabinogi/Mabinogi
-logFile
Logs/AssetImportWorker1.log
-srvPort
65225
Successfully changed project path to: D:/Unity/Github/Mabinogi/Mabinogi
D:/Unity/Github/Mabinogi/Mabinogi
Using Asset Import Pipeline V2.
Refreshing native plugins compatible for Editor in 42.79 ms, found 2 plugins.
Preloading 0 native plugins for Editor in 0.00 ms.
Initialize engine version: 2020.3.24f1 (79c78de19888)
[Subsystems] Discovering subsystems at path C:/Program Files/Unity/Hub/Editor/2020.3.24f1/Editor/Data/Resources/UnitySubsystems
[Subsystems] Discovering subsystems at path D:/Unity/Github/Mabinogi/Mabinogi/Assets
GfxDevice: creating device client; threaded=0
Direct3D:
    Version:  Direct3D 11.0 [level 11.1]
    Renderer: NVIDIA GeForce GTX 1060 3GB (ID=0x1c02)
    Vendor:   
    VRAM:     2988 MB
    Driver:   27.21.14.5671
Initialize mono
Mono path[0] = 'C:/Program Files/Unity/Hub/Editor/2020.3.24f1/Editor/Data/Managed'
Mono path[1] = 'C:/Program Files/Unity/Hub/Editor/2020.3.24f1/Editor/Data/MonoBleedingEdge/lib/mono/unityjit'
Mono config path = 'C:/Program Files/Unity/Hub/Editor/2020.3.24f1/Editor/Data/MonoBleedingEdge/etc'
Using monoOptions --debugger-agent=transport=dt_socket,embedding=1,server=y,suspend=n,address=127.0.0.1:56784
Begin MonoManager ReloadAssembly
Registering precompiled unity dll's ...
Register platform support module: C:/Program Files/Unity/Hub/Editor/2020.3.24f1/Editor/Data/PlaybackEngines/WebGLSupport/UnityEditor.WebGL.Extensions.dll
Register platform support module: C:/Program Files/Unity/Hub/Editor/2020.3.24f1/Editor/Data/PlaybackEngines/WindowsStandaloneSupport/UnityEditor.WindowsStandalone.Extensions.dll
Registered in 0.005128 seconds.
Native extension for WindowsStandalone target not found
Native extension for WebGL target not found
Refreshing native plugins compatible for Editor in 39.76 ms, found 2 plugins.
Preloading 0 native plugins for Editor in 0.00 ms.
Mono: successfully reloaded assembly
- Completed reload, in  0.683 seconds
Domain Reload Profiling:
	ReloadAssembly (684ms)
		BeginReloadAssembly (85ms)
			ExecutionOrderSort (0ms)
			DisableScriptedObjects (0ms)
			BackupInstance (0ms)
			ReleaseScriptingObjects (0ms)
			CreateAndSetChildDomain (1ms)
		EndReloadAssembly (505ms)
			LoadAssemblies (82ms)
			RebuildTransferFunctionScriptingTraits (0ms)
			SetupTypeCache (164ms)
			ReleaseScriptCaches (0ms)
			RebuildScriptCaches (37ms)
			SetupLoadedEditorAssemblies (182ms)
				LogAssemblyErrors (0ms)
				InitializePlatformSupportModulesInManaged (6ms)
				SetLoadedEditorAssemblies (0ms)
				RefreshPlugins (40ms)
				BeforeProcessingInitializeOnLoad (19ms)
				ProcessInitializeOnLoadAttributes (88ms)
				ProcessInitializeOnLoadMethodAttributes (29ms)
				AfterProcessingInitializeOnLoad (0ms)
				EditorAssembliesLoaded (0ms)
			ExecutionOrderSort2 (0ms)
			AwakeInstancesAfterBackupRestoration (0ms)
Platform modules already initialized, skipping
Registering precompiled user dll's ...
Registered in 0.005486 seconds.
Begin MonoManager ReloadAssembly
Native extension for WindowsStandalone target not found
Native extension for WebGL target not found
Refreshing native plugins compatible for Editor in 0.39 ms, found 2 plugins.
Preloading 0 native plugins for Editor in 0.00 ms.
Mono: successfully reloaded assembly
- Completed reload, in  1.191 seconds
Domain Reload Profiling:
	ReloadAssembly (1192ms)
		BeginReloadAssembly (180ms)
			ExecutionOrderSort (0ms)
			DisableScriptedObjects (5ms)
			BackupInstance (0ms)
			ReleaseScriptingObjects (0ms)
			CreateAndSetChildDomain (20ms)
		EndReloadAssembly (934ms)
			LoadAssemblies (116ms)
			RebuildTransferFunctionScriptingTraits (0ms)
			SetupTypeCache (312ms)
			ReleaseScriptCaches (0ms)
			RebuildScriptCaches (56ms)
			SetupLoadedEditorAssemblies (364ms)
				LogAssemblyErrors (0ms)
				InitializePlatformSupportModulesInManaged (7ms)
				SetLoadedEditorAssemblies (1ms)
				RefreshPlugins (0ms)
				BeforeProcessingInitializeOnLoad (101ms)
				ProcessInitializeOnLoadAttributes (231ms)
				ProcessInitializeOnLoadMethodAttributes (10ms)
				AfterProcessingInitializeOnLoad (14ms)
				EditorAssembliesLoaded (0ms)
			ExecutionOrderSort2 (0ms)
			AwakeInstancesAfterBackupRestoration (7ms)
Platform modules already initialized, skipping
========================================================================
Worker process is ready to serve import requests
Launched and connected shader compiler UnityShaderCompiler.exe after 0.06 seconds
Refreshing native plugins compatible for Editor in 0.38 ms, found 2 plugins.
Preloading 0 native plugins for Editor in 0.00 ms.
Unloading 1560 Unused Serialized files (Serialized files now loaded: 0)
System memory in use before: 88.9 MB.
System memory in use after: 89.0 MB.

Unloading 18 unused Assets to reduce memory usage. Loaded Objects now: 2031.
Total: 2.610900 ms (FindLiveObjects: 0.155700 ms CreateObjectMapping: 0.051700 ms MarkObjects: 2.383800 ms  DeleteObjects: 0.018800 ms)

AssetImportParameters requested are different than current active one (requested -> active):
  custom:framework-win-MediaFoundation: 216162199b28c13a410421893ffa2e32 -> 
  custom:video-decoder-ogg-theora: a1e56fd34408186e4bbccfd4996cb3dc -> 
  custom:container-muxer-webm: aa71ff27fc2769a1b78a27578f13a17b -> 
  custom:container-demuxer-webm: 4f35f7cbe854078d1ac9338744f61a02 -> 
  custom:container-demuxer-ogg: 62fdf1f143b41e24485cea50d1cbac27 -> 
  custom:video-encoder-webm-vp8: eb34c28f22e8b96e1ab97ce403110664 -> 
  custom:video-decoder-webm-vp8: 9c59270c3fd7afecdb556c50c9e8de78 -> 
  custom:audio-decoder-ogg-vorbis: bf7c407c2cedff20999df2af8eb42d56 -> 
  custom:audio-encoder-webm-vorbis: bf7c407c2cedff20999df2af8eb42d56 -> 
========================================================================
Received Import Request.
  path: Assets/Resources/Data/ItemData/LifePotion.asset
  artifactKey: Guid(0cc634811a2787042be75b9c6a640845) Importer(815301076,1909f56bfc062723c751e8b465ee728b)
Start importing Assets/Resources/Data/ItemData/LifePotion.asset using Guid(0cc634811a2787042be75b9c6a640845) Importer(815301076,1909f56bfc062723c751e8b465ee728b)  -> (artifact id: 'bd112a76257de41d63953bf1a1cee852') in 0.055687 seconds 
  Import took 0.058289 seconds .

========================================================================
Received Import Request.
  Time since last request: 0.000209 seconds.
  path: Assets/Resources/Data/CharacterData/NaoData.asset
  artifactKey: Guid(3fc2fcb6d28f64740a71ab82241d4101) Importer(815301076,1909f56bfc062723c751e8b465ee728b)
Start importing Assets/Resources/Data/CharacterData/NaoData.asset using Guid(3fc2fcb6d28f64740a71ab82241d4101) Importer(815301076,1909f56bfc062723c751e8b465ee728b)  -> (artifact id: '73b41dbcc61d1e41b825c1fba6dabf67') in 0.006580 seconds 
  Import took 0.009760 seconds .

========================================================================
Received Import Request.
  Time since last request: 0.000280 seconds.
  path: Assets/Resources/Data/CharacterData/PlayerData.asset
  artifactKey: Guid(33208f0bda2c44a4d9b52328ab86eb88) Importer(815301076,1909f56bfc062723c751e8b465ee728b)
Start importing Assets/Resources/Data/CharacterData/PlayerData.asset using Guid(33208f0bda2c44a4d9b52328ab86eb88) Importer(815301076,1909f56bfc062723c751e8b465ee728b)  -> (artifact id: '15f99d9420df3837acf6fc5ad35597a1') in 0.005747 seconds 
  Import took 0.008883 seconds .

========================================================================
Received Import Request.
  Time since last request: 0.000230 seconds.
  path: Assets/Resources/Data/ItemData/ManaPotion.asset
  artifactKey: Guid(c426dc2b6953013489b7f19fc914090e) Importer(815301076,1909f56bfc062723c751e8b465ee728b)
Start importing Assets/Resources/Data/ItemData/ManaPotion.asset using Guid(c426dc2b6953013489b7f19fc914090e) Importer(815301076,1909f56bfc062723c751e8b465ee728b)  -> (artifact id: '3bbe7d085b5c0f92018164b81f55ac08') in 0.003721 seconds 
  Import took 0.007428 seconds .

========================================================================
Received Import Request.
  Time since last request: 0.000249 seconds.
  path: Assets/Resources/Data/CharacterSkill/DogSkill.asset
  artifactKey: Guid(7c5b5f7d8c30f2046acfd4760bdb89bf) Importer(815301076,1909f56bfc062723c751e8b465ee728b)
Start importing Assets/Resources/Data/CharacterSkill/DogSkill.asset using Guid(7c5b5f7d8c30f2046acfd4760bdb89bf) Importer(815301076,1909f56bfc062723c751e8b465ee728b)  -> (artifact id: 'e572da49c67e104ecc8a1e4fd0f27c48') in 0.004643 seconds 
  Import took 0.007253 seconds .

========================================================================
Received Import Request.
  Time since last request: 0.000246 seconds.
  path: Assets/Resources/Data/CharacterData
  artifactKey: Guid(b7859300f31f05e4a89e55252f024521) Importer(815301076,1909f56bfc062723c751e8b465ee728b)
Start importing Assets/Resources/Data/CharacterData using Guid(b7859300f31f05e4a89e55252f024521) Importer(815301076,1909f56bfc062723c751e8b465ee728b)  -> (artifact id: 'a3a913d8d5a0eb7626152bf1a2a7ae2d') in 0.003563 seconds 
  Import took 0.006414 seconds .

========================================================================
Received Import Request.
  Time since last request: 0.000264 seconds.
  path: Assets/Resources/Data/SkillData/Defense.asset
  artifactKey: Guid(04b3f309c5360a448a42d24414dd4e77) Importer(815301076,1909f56bfc062723c751e8b465ee728b)
Start importing Assets/Resources/Data/SkillData/Defense.asset using Guid(04b3f309c5360a448a42d24414dd4e77) Importer(815301076,1909f56bfc062723c751e8b465ee728b)  -> (artifact id: 'c10d8e5780d0a05026e82c96fbc6a7e8') in 0.005266 seconds 
  Import took 0.008425 seconds .

========================================================================
Received Import Request.
  Time since last request: 0.000253 seconds.
  path: Assets/Resources/Data/CharacterData/WolfData.asset
  artifactKey: Guid(196a1c5114c8228468ff5bdf67b0c3b7) Importer(815301076,1909f56bfc062723c751e8b465ee728b)
Start importing Assets/Resources/Data/CharacterData/WolfData.asset using Guid(196a1c5114c8228468ff5bdf67b0c3b7) Importer(815301076,1909f56bfc062723c751e8b465ee728b)  -> (artifact id: 'a19d73b1e6be6044f42eeb80a867f9d2') in 0.004648 seconds 
  Import took 0.007381 seconds .

========================================================================
Received Import Request.
  Time since last request: 0.000208 seconds.
  path: Assets/Resources/Data/ItemData/Bottle.asset
  artifactKey: Guid(1011db1fa0dc5b843989a46d73acd0d5) Importer(815301076,1909f56bfc062723c751e8b465ee728b)
Start importing Assets/Resources/Data/ItemData/Bottle.asset using Guid(1011db1fa0dc5b843989a46d73acd0d5) Importer(815301076,1909f56bfc062723c751e8b465ee728b)  -> (artifact id: '3e6e377b4485035da951293a9d5cf421') in 0.004174 seconds 
  Import took 0.007377 seconds .

========================================================================
Received Import Request.
  Time since last request: 0.000225 seconds.
  path: Assets/Resources/Data/ItemData/Fluit.asset
  artifactKey: Guid(44634ebb93bfe53459f178d8454f0941) Importer(815301076,1909f56bfc062723c751e8b465ee728b)
Start importing Assets/Resources/Data/ItemData/Fluit.asset using Guid(44634ebb93bfe53459f178d8454f0941) Importer(815301076,1909f56bfc062723c751e8b465ee728b)  -> (artifact id: '46fb981c13d1d59ef457765b80fe5978') in 0.003697 seconds 
  Import took 0.006669 seconds .

========================================================================
Received Import Request.
  Time since last request: 0.000281 seconds.
  path: Assets/Resources/Data/ItemData/Egg.asset
  artifactKey: Guid(e9431cc20d991b84d91dc9dddfcad900) Importer(815301076,1909f56bfc062723c751e8b465ee728b)
Start importing Assets/Resources/Data/ItemData/Egg.asset using Guid(e9431cc20d991b84d91dc9dddfcad900) Importer(815301076,1909f56bfc062723c751e8b465ee728b)  -> (artifact id: 'f02fc48f7949d1f5bc1c876fa4fe9671') in 0.005014 seconds 
  Import took 0.008398 seconds .

========================================================================
Received Import Request.
  Time since last request: 0.000257 seconds.
  path: Assets/Resources/Data/CharacterData/SheepData.asset
  artifactKey: Guid(0acf171d665b60b448c137d9ac69d10a) Importer(815301076,1909f56bfc062723c751e8b465ee728b)
Start importing Assets/Resources/Data/CharacterData/SheepData.asset using Guid(0acf171d665b60b448c137d9ac69d10a) Importer(815301076,1909f56bfc062723c751e8b465ee728b)  -> (artifact id: 'b5edd95db4f478c9181fe8f02bfb82f5') in 0.005224 seconds 
  Import took 0.008397 seconds .

========================================================================
Received Import Request.
  Time since last request: 0.000234 seconds.
  path: Assets/Resources/Data/ItemData/Firewood.asset
  artifactKey: Guid(f93678be1dad66140887d4ed8a027f3a) Importer(815301076,1909f56bfc062723c751e8b465ee728b)
Start importing Assets/Resources/Data/ItemData/Firewood.asset using Guid(f93678be1dad66140887d4ed8a027f3a) Importer(815301076,1909f56bfc062723c751e8b465ee728b)  -> (artifact id: '8572e5265de16bd038e5d9cdd4b84748') in 0.004643 seconds 
  Import took 0.007480 seconds .

========================================================================
Received Import Request.
  Time since last request: 0.000233 seconds.
  path: Assets/Resources/Data/CharacterData/FoxData.asset
  artifactKey: Guid(03b030bfa97458147b388456a11022df) Importer(815301076,1909f56bfc062723c751e8b465ee728b)
Start importing Assets/Resources/Data/CharacterData/FoxData.asset using Guid(03b030bfa97458147b388456a11022df) Importer(815301076,1909f56bfc062723c751e8b465ee728b)  -> (artifact id: 'bf63f84c667712672a22bec9fd191edd') in 0.004200 seconds 
  Import took 0.006870 seconds .

========================================================================
Received Import Request.
  Time since last request: 0.000223 seconds.
  path: Assets/Resources/Data/CharacterData/DogData.asset
  artifactKey: Guid(a1dba931f0a1994438ddfeeaace0e182) Importer(815301076,1909f56bfc062723c751e8b465ee728b)
Start importing Assets/Resources/Data/CharacterData/DogData.asset using Guid(a1dba931f0a1994438ddfeeaace0e182) Importer(815301076,1909f56bfc062723c751e8b465ee728b)  -> (artifact id: '81bd411c489d4e5a2cf8c0ecc24421ac') in 0.005086 seconds 
  Import took 0.008467 seconds .

========================================================================
Received Import Request.
  Time since last request: 0.000359 seconds.
  path: Assets/Resources/Data/CharacterData/ChickenData.asset
  artifactKey: Guid(100734d14742a8547820de4f1c6bea8f) Importer(815301076,1909f56bfc062723c751e8b465ee728b)
Start importing Assets/Resources/Data/CharacterData/ChickenData.asset using Guid(100734d14742a8547820de4f1c6bea8f) Importer(815301076,1909f56bfc062723c751e8b465ee728b)  -> (artifact id: 'dde958b159bec90f4afada080ecb780f') in 0.004139 seconds 
  Import took 0.007560 seconds .

========================================================================
Received Import Request.
  Time since last request: 0.000253 seconds.
  path: Assets/Resources/Data/SkillData/Combat.asset
  artifactKey: Guid(1b80b91ddfee0a64697c8c5f8db85d39) Importer(815301076,1909f56bfc062723c751e8b465ee728b)
Start importing Assets/Resources/Data/SkillData/Combat.asset using Guid(1b80b91ddfee0a64697c8c5f8db85d39) Importer(815301076,1909f56bfc062723c751e8b465ee728b)  -> (artifact id: '3de5460f7cb5680abeafddd203b9552a') in 0.014819 seconds 
  Import took 0.017815 seconds .

========================================================================
Received Import Request.
  Time since last request: 0.000219 seconds.
  path: Assets/Resources/Data/SkillData/CounterAttack.asset
  artifactKey: Guid(a66f1b5943300cf42989ba902c1b7a63) Importer(815301076,1909f56bfc062723c751e8b465ee728b)
Start importing Assets/Resources/Data/SkillData/CounterAttack.asset using Guid(a66f1b5943300cf42989ba902c1b7a63) Importer(815301076,1909f56bfc062723c751e8b465ee728b)  -> (artifact id: '765ed0edd642a795d26427f9297c4c1a') in 0.005026 seconds 
  Import took 0.008017 seconds .

========================================================================
Received Import Request.
  Time since last request: 0.000236 seconds.
  path: Assets/Resources/Data/SkillData/Smash.asset
  artifactKey: Guid(e67f3a14c8cac804ebf7475fe706b18d) Importer(815301076,1909f56bfc062723c751e8b465ee728b)
Start importing Assets/Resources/Data/SkillData/Smash.asset using Guid(e67f3a14c8cac804ebf7475fe706b18d) Importer(815301076,1909f56bfc062723c751e8b465ee728b)  -> (artifact id: '006f4e83f5162f2901a571dd80a88e88') in 0.005204 seconds 
  Import took 0.007983 seconds .

AssetImportWorkerClient::OnTransportError - code=2 error=End of file
